Init Class OUTDOOR_DATA_PREP
sort file:  /short/dh01/yx2146/Dataset/ETH_Semantic3D_Dataset/training/part_A_rawh5/bildstein_station5_xyz_intensity_rgb.hdf5
block step =  [ 0.5  0.5  0.5]
max blocks_N =  39067392
%0.2  line[ 0:50000 ] block_N = 12
%0.4  line[ 50000:100000 ] block_N = 6
%0.6  line[ 100000:150000 ] block_N = 14
%0.8  line[ 150000:200000 ] block_N = 8
%1.0  line[ 200000:250000 ] block_N = 132
%1.2  line[ 250000:300000 ] block_N = 1231
%1.4  line[ 300000:350000 ] block_N = 1304
%1.6  line[ 350000:400000 ] block_N = 925
%1.8  line[ 400000:450000 ] block_N = 735
%2.0  line[ 450000:500000 ] block_N = 424
%2.2  line[ 500000:550000 ] block_N = 300
%2.4  line[ 550000:600000 ] block_N = 452
%2.6  line[ 600000:650000 ] block_N = 185
%2.8  line[ 650000:700000 ] block_N = 173
%3.0  line[ 700000:750000 ] block_N = 408
%3.2  line[ 750000:800000 ] block_N = 236
%3.4  line[ 800000:850000 ] block_N = 112
%3.6  line[ 850000:900000 ] block_N = 51
%3.8  line[ 900000:950000 ] block_N = 147
%4.0  line[ 950000:1000000 ] block_N = 116
%4.2  line[ 1000000:1050000 ] block_N = 110
%4.4  line[ 1050000:1100000 ] block_N = 129
%4.6  line[ 1100000:1150000 ] block_N = 118
%4.8  line[ 1150000:1200000 ] block_N = 95
%5.0  line[ 1200000:1250000 ] block_N = 47
%5.2  line[ 1250000:1300000 ] block_N = 69
%5.4  line[ 1300000:1350000 ] block_N = 66
%5.6  line[ 1350000:1400000 ] block_N = 36
%5.8  line[ 1400000:1450000 ] block_N = 65
%6.0  line[ 1450000:1500000 ] block_N = 45
%6.2  line[ 1500000:1550000 ] block_N = 16
%6.4  line[ 1550000:1600000 ] block_N = 49
%6.6  line[ 1600000:1650000 ] block_N = 22
%6.8  line[ 1650000:1700000 ] block_N = 42
%7.0  line[ 1700000:1750000 ] block_N = 34
%7.2  line[ 1750000:1800000 ] block_N = 19
%7.4  line[ 1800000:1850000 ] block_N = 35
%7.6  line[ 1850000:1900000 ] block_N = 15
%7.8  line[ 1900000:1950000 ] block_N = 12
%8.0  line[ 1950000:2000000 ] block_N = 13
%8.2  line[ 2000000:2050000 ] block_N = 11
%8.4  line[ 2050000:2100000 ] block_N = 14
%8.6  line[ 2100000:2150000 ] block_N = 12
%8.8  line[ 2150000:2200000 ] block_N = 5
%9.0  line[ 2200000:2250000 ] block_N = 6
%9.2  line[ 2250000:2300000 ] block_N = 22
%9.4  line[ 2300000:2350000 ] block_N = 16
%9.6  line[ 2350000:2400000 ] block_N = 15
%9.8  line[ 2400000:2450000 ] block_N = 16
%10.0  line[ 2450000:2500000 ] block_N = 9
%10.2  line[ 2500000:2550000 ] block_N = 9
%10.4  line[ 2550000:2600000 ] block_N = 9
%10.6  line[ 2600000:2650000 ] block_N = 10
%10.8  line[ 2650000:2700000 ] block_N = 10
%11.0  line[ 2700000:2750000 ] block_N = 9
%11.2  line[ 2750000:2800000 ] block_N = 8
%11.4  line[ 2800000:2850000 ] block_N = 6
%11.6  line[ 2850000:2900000 ] block_N = 11
%11.8  line[ 2900000:2950000 ] block_N = 5
%12.0  line[ 2950000:3000000 ] block_N = 4
%12.2  line[ 3000000:3050000 ] block_N = 3
%12.4  line[ 3050000:3100000 ] block_N = 4
%12.6  line[ 3100000:3150000 ] block_N = 7
%12.8  line[ 3150000:3200000 ] block_N = 11
%13.0  line[ 3200000:3250000 ] block_N = 11
%13.2  line[ 3250000:3300000 ] block_N = 14
%13.4  line[ 3300000:3350000 ] block_N = 13
%13.6  line[ 3350000:3400000 ] block_N = 9
%13.8  line[ 3400000:3450000 ] block_N = 12
%14.0  line[ 3450000:3500000 ] block_N = 10
%14.2  line[ 3500000:3550000 ] block_N = 10
%14.4  line[ 3550000:3600000 ] block_N = 8
%14.6  line[ 3600000:3650000 ] block_N = 8
%14.8  line[ 3650000:3700000 ] block_N = 7
%15.0  line[ 3700000:3750000 ] block_N = 7
%15.2  line[ 3750000:3800000 ] block_N = 7
%15.4  line[ 3800000:3850000 ] block_N = 3
%15.7  line[ 3850000:3900000 ] block_N = 4
%15.9  line[ 3900000:3950000 ] block_N = 3
%16.1  line[ 3950000:4000000 ] block_N = 4
%16.3  line[ 4000000:4050000 ] block_N = 5
%16.5  line[ 4050000:4100000 ] block_N = 7
%16.7  line[ 4100000:4150000 ] block_N = 3
%16.9  line[ 4150000:4200000 ] block_N = 4
%17.1  line[ 4200000:4250000 ] block_N = 4
%17.3  line[ 4250000:4300000 ] block_N = 5
%17.5  line[ 4300000:4350000 ] block_N = 4
%17.7  line[ 4350000:4400000 ] block_N = 7
%17.9  line[ 4400000:4450000 ] block_N = 2
%18.1  line[ 4450000:4500000 ] block_N = 4
%18.3  line[ 4500000:4550000 ] block_N = 4
%18.5  line[ 4550000:4600000 ] block_N = 2
%18.7  line[ 4600000:4650000 ] block_N = 4
%18.9  line[ 4650000:4700000 ] block_N = 3
%19.1  line[ 4700000:4750000 ] block_N = 4
%19.3  line[ 4750000:4800000 ] block_N = 5
%19.5  line[ 4800000:4850000 ] block_N = 2
%19.7  line[ 4850000:4900000 ] block_N = 4
%19.9  line[ 4900000:4950000 ] block_N = 3
%20.1  line[ 4950000:5000000 ] block_N = 4
%20.3  line[ 5000000:5050000 ] block_N = 2
%20.5  line[ 5050000:5100000 ] block_N = 4
%20.7  line[ 5100000:5150000 ] block_N = 4
%20.9  line[ 5150000:5200000 ] block_N = 709
%21.1  line[ 5200000:5250000 ] block_N = 1034
%21.3  line[ 5250000:5300000 ] block_N = 1082
%21.5  line[ 5300000:5350000 ] block_N = 806
%21.7  line[ 5350000:5400000 ] block_N = 1280
%21.9  line[ 5400000:5450000 ] block_N = 421
%22.1  line[ 5450000:5500000 ] block_N = 534
%22.3  line[ 5500000:5550000 ] block_N = 472
%22.5  line[ 5550000:5600000 ] block_N = 174
%22.7  line[ 5600000:5650000 ] block_N = 119
%22.9  line[ 5650000:5700000 ] block_N = 162
%23.1  line[ 5700000:5750000 ] block_N = 289
%23.3  line[ 5750000:5800000 ] block_N = 128
%23.5  line[ 5800000:5850000 ] block_N = 241
%23.7  line[ 5850000:5900000 ] block_N = 552
%23.9  line[ 5900000:5950000 ] block_N = 402
%24.1  line[ 5950000:6000000 ] block_N = 274
%24.3  line[ 6000000:6050000 ] block_N = 199
%24.5  line[ 6050000:6100000 ] block_N = 248
%24.7  line[ 6100000:6150000 ] block_N = 216
%24.9  line[ 6150000:6200000 ] block_N = 116
%25.1  line[ 6200000:6250000 ] block_N = 45
%25.3  line[ 6250000:6300000 ] block_N = 54
%25.5  line[ 6300000:6350000 ] block_N = 63
%25.7  line[ 6350000:6400000 ] block_N = 76
%25.9  line[ 6400000:6450000 ] block_N = 38
%26.1  line[ 6450000:6500000 ] block_N = 34
%26.3  line[ 6500000:6550000 ] block_N = 43
%26.5  line[ 6550000:6600000 ] block_N = 19
%26.7  line[ 6600000:6650000 ] block_N = 31
%26.9  line[ 6650000:6700000 ] block_N = 39
%27.1  line[ 6700000:6750000 ] block_N = 32
%27.3  line[ 6750000:6800000 ] block_N = 25
%27.5  line[ 6800000:6850000 ] block_N = 89
%27.7  line[ 6850000:6900000 ] block_N = 88
%27.9  line[ 6900000:6950000 ] block_N = 103
%28.1  line[ 6950000:7000000 ] block_N = 103
%28.3  line[ 7000000:7050000 ] block_N = 95
%28.5  line[ 7050000:7100000 ] block_N = 95
%28.7  line[ 7100000:7150000 ] block_N = 127
%28.9  line[ 7150000:7200000 ] block_N = 110
%29.1  line[ 7200000:7250000 ] block_N = 40
%29.3  line[ 7250000:7300000 ] block_N = 22
%29.5  line[ 7300000:7350000 ] block_N = 53
%29.7  line[ 7350000:7400000 ] block_N = 49
%29.9  line[ 7400000:7450000 ] block_N = 25
%30.1  line[ 7450000:7500000 ] block_N = 18
%30.3  line[ 7500000:7550000 ] block_N = 36
%30.5  line[ 7550000:7600000 ] block_N = 48
%30.7  line[ 7600000:7650000 ] block_N = 30
%30.9  line[ 7650000:7700000 ] block_N = 51
%31.1  line[ 7700000:7750000 ] block_N = 30
%31.3  line[ 7750000:7800000 ] block_N = 55
%31.5  line[ 7800000:7850000 ] block_N = 56
%31.7  line[ 7850000:7900000 ] block_N = 39
%31.9  line[ 7900000:7950000 ] block_N = 54
%32.1  line[ 7950000:8000000 ] block_N = 28
%32.3  line[ 8000000:8050000 ] block_N = 14
%32.5  line[ 8050000:8100000 ] block_N = 21
%32.7  line[ 8100000:8150000 ] block_N = 9
%32.9  line[ 8150000:8200000 ] block_N = 6
%33.1  line[ 8200000:8250000 ] block_N = 6
%33.3  line[ 8250000:8300000 ] block_N = 10
%33.5  line[ 8300000:8350000 ] block_N = 18
%33.7  line[ 8350000:8400000 ] block_N = 23
%33.9  line[ 8400000:8450000 ] block_N = 23
%34.1  line[ 8450000:8500000 ] block_N = 22
%34.3  line[ 8500000:8550000 ] block_N = 15
%34.5  line[ 8550000:8600000 ] block_N = 11
%34.7  line[ 8600000:8650000 ] block_N = 4
%34.9  line[ 8650000:8700000 ] block_N = 15
%35.1  line[ 8700000:8750000 ] block_N = 12
%35.3  line[ 8750000:8800000 ] block_N = 38
%35.5  line[ 8800000:8850000 ] block_N = 52
%35.7  line[ 8850000:8900000 ] block_N = 48
%35.9  line[ 8900000:8950000 ] block_N = 32
%36.1  line[ 8950000:9000000 ] block_N = 109
%36.3  line[ 9000000:9050000 ] block_N = 27
%36.5  line[ 9050000:9100000 ] block_N = 41
%36.7  line[ 9100000:9150000 ] block_N = 46
%36.9  line[ 9150000:9200000 ] block_N = 90
%37.1  line[ 9200000:9250000 ] block_N = 67
%37.3  line[ 9250000:9300000 ] block_N = 87
%37.5  line[ 9300000:9350000 ] block_N = 43
%37.7  line[ 9350000:9400000 ] block_N = 110
%37.9  line[ 9400000:9450000 ] block_N = 70
%38.1  line[ 9450000:9500000 ] block_N = 126
%38.3  line[ 9500000:9550000 ] block_N = 274
%38.5  line[ 9550000:9600000 ] block_N = 94
%38.7  line[ 9600000:9650000 ] block_N = 161
%38.9  line[ 9650000:9700000 ] block_N = 185
%39.1  line[ 9700000:9750000 ] block_N = 378
%39.3  line[ 9750000:9800000 ] block_N = 491
%39.5  line[ 9800000:9850000 ] block_N = 872
%39.7  line[ 9850000:9900000 ] block_N = 618
%39.9  line[ 9900000:9950000 ] block_N = 257
%40.1  line[ 9950000:10000000 ] block_N = 518
%40.3  line[ 10000000:10050000 ] block_N = 1383
%40.5  line[ 10050000:10100000 ] block_N = 124
%40.7  line[ 10100000:10150000 ] block_N = 158
%40.9  line[ 10150000:10200000 ] block_N = 76
%41.1  line[ 10200000:10250000 ] block_N = 13
%41.3  line[ 10250000:10300000 ] block_N = 16
%41.5  line[ 10300000:10350000 ] block_N = 36
%41.7  line[ 10350000:10400000 ] block_N = 19
%41.9  line[ 10400000:10450000 ] block_N = 12
%42.1  line[ 10450000:10500000 ] block_N = 10
%42.3  line[ 10500000:10550000 ] block_N = 7
%42.5  line[ 10550000:10600000 ] block_N = 9
%42.7  line[ 10600000:10650000 ] block_N = 9
%42.9  line[ 10650000:10700000 ] block_N = 7
%43.1  line[ 10700000:10750000 ] block_N = 9
%43.3  line[ 10750000:10800000 ] block_N = 8
%43.5  line[ 10800000:10850000 ] block_N = 13
%43.7  line[ 10850000:10900000 ] block_N = 8
%43.9  line[ 10900000:10950000 ] block_N = 9
%44.1  line[ 10950000:11000000 ] block_N = 9
%44.3  line[ 11000000:11050000 ] block_N = 9
%44.5  line[ 11050000:11100000 ] block_N = 10
%44.7  line[ 11100000:11150000 ] block_N = 11
%44.9  line[ 11150000:11200000 ] block_N = 2
%45.1  line[ 11200000:11250000 ] block_N = 4
%45.3  line[ 11250000:11300000 ] block_N = 3
%45.5  line[ 11300000:11350000 ] block_N = 4
%45.7  line[ 11350000:11400000 ] block_N = 2
%45.9  line[ 11400000:11450000 ] block_N = 4
%46.1  line[ 11450000:11500000 ] block_N = 4
%46.3  line[ 11500000:11550000 ] block_N = 4
%46.5  line[ 11550000:11600000 ] block_N = 2
%46.8  line[ 11600000:11650000 ] block_N = 4
%47.0  line[ 11650000:11700000 ] block_N = 4
%47.2  line[ 11700000:11750000 ] block_N = 2
%47.4  line[ 11750000:11800000 ] block_N = 2
%47.6  line[ 11800000:11850000 ] block_N = 3
%47.8  line[ 11850000:11900000 ] block_N = 4
%48.0  line[ 11900000:11950000 ] block_N = 2
%48.2  line[ 11950000:12000000 ] block_N = 3
%48.4  line[ 12000000:12050000 ] block_N = 4
%48.6  line[ 12050000:12100000 ] block_N = 4
%48.8  line[ 12100000:12150000 ] block_N = 3
%49.0  line[ 12150000:12200000 ] block_N = 2
%49.2  line[ 12200000:12250000 ] block_N = 4
%49.4  line[ 12250000:12300000 ] block_N = 3
%49.6  line[ 12300000:12350000 ] block_N = 6
%49.8  line[ 12350000:12400000 ] block_N = 4
%50.0  line[ 12400000:12450000 ] block_N = 4
%50.2  line[ 12450000:12500000 ] block_N = 5
%50.4  line[ 12500000:12550000 ] block_N = 2
%50.6  line[ 12550000:12600000 ] block_N = 3
%50.8  line[ 12600000:12650000 ] block_N = 3
%51.0  line[ 12650000:12700000 ] block_N = 4
%51.2  line[ 12700000:12750000 ] block_N = 3
%51.4  line[ 12750000:12800000 ] block_N = 4
%51.6  line[ 12800000:12850000 ] block_N = 3
%51.8  line[ 12850000:12900000 ] block_N = 5
%52.0  line[ 12900000:12950000 ] block_N = 4
%52.2  line[ 12950000:13000000 ] block_N = 4
%52.4  line[ 13000000:13050000 ] block_N = 4
%52.6  line[ 13050000:13100000 ] block_N = 4
%52.8  line[ 13100000:13150000 ] block_N = 4
%53.0  line[ 13150000:13200000 ] block_N = 12
%53.2  line[ 13200000:13250000 ] block_N = 16
%53.4  line[ 13250000:13300000 ] block_N = 11
%53.6  line[ 13300000:13350000 ] block_N = 10
%53.8  line[ 13350000:13400000 ] block_N = 14
%54.0  line[ 13400000:13450000 ] block_N = 13
%54.2  line[ 13450000:13500000 ] block_N = 15
%54.4  line[ 13500000:13550000 ] block_N = 5
%54.6  line[ 13550000:13600000 ] block_N = 5
%54.8  line[ 13600000:13650000 ] block_N = 9
%55.0  line[ 13650000:13700000 ] block_N = 4
%55.2  line[ 13700000:13750000 ] block_N = 5
%55.4  line[ 13750000:13800000 ] block_N = 4
%55.6  line[ 13800000:13850000 ] block_N = 5
%55.8  line[ 13850000:13900000 ] block_N = 6
%56.0  line[ 13900000:13950000 ] block_N = 8
%56.2  line[ 13950000:14000000 ] block_N = 8
%56.4  line[ 14000000:14050000 ] block_N = 7
%56.6  line[ 14050000:14100000 ] block_N = 13
%56.8  line[ 14100000:14150000 ] block_N = 13
%57.0  line[ 14150000:14200000 ] block_N = 48
%57.2  line[ 14200000:14250000 ] block_N = 51
%57.4  line[ 14250000:14300000 ] block_N = 34
%57.6  line[ 14300000:14350000 ] block_N = 19
%57.8  line[ 14350000:14400000 ] block_N = 18
%58.0  line[ 14400000:14450000 ] block_N = 8
%58.2  line[ 14450000:14500000 ] block_N = 25
%58.4  line[ 14500000:14550000 ] block_N = 38
%58.6  line[ 14550000:14600000 ] block_N = 34
%58.8  line[ 14600000:14650000 ] block_N = 141
%59.0  line[ 14650000:14700000 ] block_N = 290
%59.2  line[ 14700000:14750000 ] block_N = 97
%59.4  line[ 14750000:14800000 ] block_N = 137
%59.6  line[ 14800000:14850000 ] block_N = 273
%59.8  line[ 14850000:14900000 ] block_N = 1245
%60.0  line[ 14900000:14950000 ] block_N = 1772
%60.2  line[ 14950000:15000000 ] block_N = 20
%60.4  line[ 15000000:15050000 ] block_N = 7
%60.6  line[ 15050000:15100000 ] block_N = 4
%60.8  line[ 15100000:15150000 ] block_N = 4
%61.0  line[ 15150000:15200000 ] block_N = 11
%61.2  line[ 15200000:15250000 ] block_N = 13
%61.4  line[ 15250000:15300000 ] block_N = 4
%61.6  line[ 15300000:15350000 ] block_N = 10
%61.8  line[ 15350000:15400000 ] block_N = 15
%62.0  line[ 15400000:15450000 ] block_N = 10
%62.2  line[ 15450000:15500000 ] block_N = 13
%62.4  line[ 15500000:15550000 ] block_N = 7
%62.6  line[ 15550000:15600000 ] block_N = 4
%62.8  line[ 15600000:15650000 ] block_N = 7
%63.0  line[ 15650000:15700000 ] block_N = 7
%63.2  line[ 15700000:15750000 ] block_N = 7
%63.4  line[ 15750000:15800000 ] block_N = 4
%63.6  line[ 15800000:15850000 ] block_N = 6
%63.8  line[ 15850000:15900000 ] block_N = 5
%64.0  line[ 15900000:15950000 ] block_N = 10
%64.2  line[ 15950000:16000000 ] block_N = 4
%64.4  line[ 16000000:16050000 ] block_N = 4
%64.6  line[ 16050000:16100000 ] block_N = 5
%64.8  line[ 16100000:16150000 ] block_N = 4
%65.0  line[ 16150000:16200000 ] block_N = 4
%65.2  line[ 16200000:16250000 ] block_N = 4
%65.4  line[ 16250000:16300000 ] block_N = 12
%65.6  line[ 16300000:16350000 ] block_N = 8
%65.8  line[ 16350000:16400000 ] block_N = 13
%66.0  line[ 16400000:16450000 ] block_N = 5
%66.2  line[ 16450000:16500000 ] block_N = 8
%66.4  line[ 16500000:16550000 ] block_N = 8
%66.6  line[ 16550000:16600000 ] block_N = 7
%66.8  line[ 16600000:16650000 ] block_N = 13
%67.0  line[ 16650000:16700000 ] block_N = 4
%67.2  line[ 16700000:16750000 ] block_N = 4
%67.4  line[ 16750000:16800000 ] block_N = 6
%67.6  line[ 16800000:16850000 ] block_N = 10
%67.8  line[ 16850000:16900000 ] block_N = 10
%68.0  line[ 16900000:16950000 ] block_N = 11
%68.2  line[ 16950000:17000000 ] block_N = 9
%68.4  line[ 17000000:17050000 ] block_N = 18
%68.6  line[ 17050000:17100000 ] block_N = 10
%68.8  line[ 17100000:17150000 ] block_N = 11
%69.0  line[ 17150000:17200000 ] block_N = 11
%69.2  line[ 17200000:17250000 ] block_N = 24
%69.4  line[ 17250000:17300000 ] block_N = 30
%69.6  line[ 17300000:17350000 ] block_N = 29
%69.8  line[ 17350000:17400000 ] block_N = 43
%70.0  line[ 17400000:17450000 ] block_N = 26
%70.2  line[ 17450000:17500000 ] block_N = 53
%70.4  line[ 17500000:17550000 ] block_N = 30
%70.6  line[ 17550000:17600000 ] block_N = 17
%70.8  line[ 17600000:17650000 ] block_N = 22
%71.0  line[ 17650000:17700000 ] block_N = 22
%71.2  line[ 17700000:17750000 ] block_N = 22
%71.4  line[ 17750000:17800000 ] block_N = 34
%71.6  line[ 17800000:17850000 ] block_N = 35
%71.8  line[ 17850000:17900000 ] block_N = 41
%72.0  line[ 17900000:17950000 ] block_N = 42
%72.2  line[ 17950000:18000000 ] block_N = 59
%72.4  line[ 18000000:18050000 ] block_N = 89
%72.6  line[ 18050000:18100000 ] block_N = 74
%72.8  line[ 18100000:18150000 ] block_N = 76
%73.0  line[ 18150000:18200000 ] block_N = 127
%73.2  line[ 18200000:18250000 ] block_N = 175
%73.4  line[ 18250000:18300000 ] block_N = 119
%73.6  line[ 18300000:18350000 ] block_N = 50
%73.8  line[ 18350000:18400000 ] block_N = 79
%74.0  line[ 18400000:18450000 ] block_N = 90
%74.2  line[ 18450000:18500000 ] block_N = 167
%74.4  line[ 18500000:18550000 ] block_N = 229
%74.6  line[ 18550000:18600000 ] block_N = 137
%74.8  line[ 18600000:18650000 ] block_N = 237
%75.0  line[ 18650000:18700000 ] block_N = 123
%75.2  line[ 18700000:18750000 ] block_N = 203
%75.4  line[ 18750000:18800000 ] block_N = 234
%75.6  line[ 18800000:18850000 ] block_N = 512
%75.8  line[ 18850000:18900000 ] block_N = 443
%76.0  line[ 18900000:18950000 ] block_N = 297
%76.2  line[ 18950000:19000000 ] block_N = 300
%76.4  line[ 19000000:19050000 ] block_N = 475
%76.6  line[ 19050000:19100000 ] block_N = 536
%76.8  line[ 19100000:19150000 ] block_N = 475
%77.0  line[ 19150000:19200000 ] block_N = 721
%77.2  line[ 19200000:19250000 ] block_N = 519
%77.4  line[ 19250000:19300000 ] block_N = 759
%77.7  line[ 19300000:19350000 ] block_N = 753
%77.9  line[ 19350000:19400000 ] block_N = 861
%78.1  line[ 19400000:19450000 ] block_N = 1411
%78.3  line[ 19450000:19500000 ] block_N = 503
%78.5  line[ 19500000:19550000 ] block_N = 652
%78.7  line[ 19550000:19600000 ] block_N = 275
%78.9  line[ 19600000:19650000 ] block_N = 209
%79.1  line[ 19650000:19700000 ] block_N = 629
%79.3  line[ 19700000:19750000 ] block_N = 1663
%79.5  line[ 19750000:19800000 ] block_N = 915
%79.7  line[ 19800000:19850000 ] block_N = 6616
%79.9  line[ 19850000:19900000 ] block_N = 5200
%80.1  line[ 19900000:19950000 ] block_N = 2886
%80.3  line[ 19950000:20000000 ] block_N = 2400
%80.5  line[ 20000000:20050000 ] block_N = 1423
%80.7  line[ 20050000:20100000 ] block_N = 295
%80.9  line[ 20100000:20150000 ] block_N = 139
%81.1  line[ 20150000:20200000 ] block_N = 149
%81.3  line[ 20200000:20250000 ] block_N = 529
%81.5  line[ 20250000:20300000 ] block_N = 119
%81.7  line[ 20300000:20350000 ] block_N = 103
%81.9  line[ 20350000:20400000 ] block_N = 86
%82.1  line[ 20400000:20450000 ] block_N = 116
%82.3  line[ 20450000:20500000 ] block_N = 117
%82.5  line[ 20500000:20550000 ] block_N = 75
%82.7  line[ 20550000:20600000 ] block_N = 305
%82.9  line[ 20600000:20650000 ] block_N = 210
%83.1  line[ 20650000:20700000 ] block_N = 51
%83.3  line[ 20700000:20750000 ] block_N = 28
%83.5  line[ 20750000:20800000 ] block_N = 33
%83.7  line[ 20800000:20850000 ] block_N = 35
%83.9  line[ 20850000:20900000 ] block_N = 23
%84.1  line[ 20900000:20950000 ] block_N = 28
%84.3  line[ 20950000:21000000 ] block_N = 26
%84.5  line[ 21000000:21050000 ] block_N = 28
%84.7  line[ 21050000:21100000 ] block_N = 29
%84.9  line[ 21100000:21150000 ] block_N = 27
%85.1  line[ 21150000:21200000 ] block_N = 29
%85.3  line[ 21200000:21250000 ] block_N = 32
%85.5  line[ 21250000:21300000 ] block_N = 39
%85.7  line[ 21300000:21350000 ] block_N = 45
%85.9  line[ 21350000:21400000 ] block_N = 40
%86.1  line[ 21400000:21450000 ] block_N = 26
%86.3  line[ 21450000:21500000 ] block_N = 33
%86.5  line[ 21500000:21550000 ] block_N = 31
%86.7  line[ 21550000:21600000 ] block_N = 36
%86.9  line[ 21600000:21650000 ] block_N = 54
%87.1  line[ 21650000:21700000 ] block_N = 58
%87.3  line[ 21700000:21750000 ] block_N = 68
%87.5  line[ 21750000:21800000 ] block_N = 37
%87.7  line[ 21800000:21850000 ] block_N = 44
%87.9  line[ 21850000:21900000 ] block_N = 35
%88.1  line[ 21900000:21950000 ] block_N = 73
%88.3  line[ 21950000:22000000 ] block_N = 65
%88.5  line[ 22000000:22050000 ] block_N = 43
%88.7  line[ 22050000:22100000 ] block_N = 45
%88.9  line[ 22100000:22150000 ] block_N = 192
%89.1  line[ 22150000:22200000 ] block_N = 123
%89.3  line[ 22200000:22250000 ] block_N = 53
%89.5  line[ 22250000:22300000 ] block_N = 62
%89.7  line[ 22300000:22350000 ] block_N = 83
